   1              		.cpu arm7tdmi-s
   2              		.fpu softvfp
   3              		.eabi_attribute 20, 1
   4              		.eabi_attribute 21, 1
   5              		.eabi_attribute 23, 3
   6              		.eabi_attribute 24, 1
   7              		.eabi_attribute 25, 1
   8              		.eabi_attribute 26, 1
   9              		.eabi_attribute 30, 4
  10              		.eabi_attribute 34, 0
  11              		.eabi_attribute 18, 4
  12              		.file	"lpc2000_spi.c"
  13              		.text
  14              	.Ltext0:
  15              		.cfi_sections	.debug_frame
  16              		.align	2
  17              		.global	SPISetSpeed
  19              	SPISetSpeed:
  20              	.LFB1:
  21              		.file 1 "../LPCUSB/lpc2000_spi.c"
   1:../LPCUSB/lpc2000_spi.c **** /*****************************************************************************\
   2:../LPCUSB/lpc2000_spi.c **** *              efs - General purpose Embedded Filesystem library              *
   3:../LPCUSB/lpc2000_spi.c **** *          --------------------- -----------------------------------          *
   4:../LPCUSB/lpc2000_spi.c **** *                                                                             *
   5:../LPCUSB/lpc2000_spi.c **** * Filename : lpc2000_spi.c                                                     *
   6:../LPCUSB/lpc2000_spi.c **** * Description : This  contains the functions needed to use efs for        *
   7:../LPCUSB/lpc2000_spi.c **** *               accessing files on an SD-card connected to an LPC2xxx.        *
   8:../LPCUSB/lpc2000_spi.c **** *                                                                             *
   9:../LPCUSB/lpc2000_spi.c **** * This library is free software; you can redistribute it and/or               *
  10:../LPCUSB/lpc2000_spi.c **** * modify it under the terms of the GNU Lesser General Public                  *
  11:../LPCUSB/lpc2000_spi.c **** * License as published by the Free Software Foundation; either                *
  12:../LPCUSB/lpc2000_spi.c **** * version 2.1 of the License, or (at your option) any later version.          *
  13:../LPCUSB/lpc2000_spi.c **** *                                                                             *
  14:../LPCUSB/lpc2000_spi.c **** * This library is distributed in the hope that it will be useful,             *
  15:../LPCUSB/lpc2000_spi.c **** * but WITHOUT ANY WARRANTY; without even the implied warranty of              *
  16:../LPCUSB/lpc2000_spi.c **** * MERCHANTABILITY or FITNESS FOR A PARTICULAR PURPOSE.  See the GNU           *
  17:../LPCUSB/lpc2000_spi.c **** * Lesser General Public License for more details.                             *
  18:../LPCUSB/lpc2000_spi.c **** *                                                                             *
  19:../LPCUSB/lpc2000_spi.c **** *                                                    (c)2005 Martin Thomas    *
  20:../LPCUSB/lpc2000_spi.c **** *                                                                             *
  21:../LPCUSB/lpc2000_spi.c **** \*****************************************************************************/
  22:../LPCUSB/lpc2000_spi.c **** 
  23:../LPCUSB/lpc2000_spi.c **** /*
  24:../LPCUSB/lpc2000_spi.c ****     2006, Bertrik Sikken, modified for LPCUSB
  25:../LPCUSB/lpc2000_spi.c **** */
  26:../LPCUSB/lpc2000_spi.c **** 
  27:../LPCUSB/lpc2000_spi.c **** 
  28:../LPCUSB/lpc2000_spi.c **** /*****************************************************************************/
  29:../LPCUSB/lpc2000_spi.c **** #include "type.h"
  30:../LPCUSB/lpc2000_spi.c **** #include <stdio.h>
  31:../LPCUSB/lpc2000_spi.c **** #include "rprintf.h"
  32:../LPCUSB/lpc2000_spi.c **** #include "LPC214x.h"
  33:../LPCUSB/lpc2000_spi.c **** #include "spi.h"
  34:../LPCUSB/lpc2000_spi.c **** /*****************************************************************************/
  35:../LPCUSB/lpc2000_spi.c **** 
  36:../LPCUSB/lpc2000_spi.c **** // SP0SPCR  Bit-Definitions
  37:../LPCUSB/lpc2000_spi.c **** #define CPHA    3
  38:../LPCUSB/lpc2000_spi.c **** #define CPOL    4
  39:../LPCUSB/lpc2000_spi.c **** #define MSTR    5
  40:../LPCUSB/lpc2000_spi.c **** // SP0SPSR  Bit-Definitions
  41:../LPCUSB/lpc2000_spi.c **** #define SPIF    7
  42:../LPCUSB/lpc2000_spi.c **** 
  43:../LPCUSB/lpc2000_spi.c **** /*****************************************************************************/
  44:../LPCUSB/lpc2000_spi.c **** 
  45:../LPCUSB/lpc2000_spi.c **** /*****************************************************************************/
  46:../LPCUSB/lpc2000_spi.c **** 
  47:../LPCUSB/lpc2000_spi.c **** // Utility-functions which does not toogle CS.
  48:../LPCUSB/lpc2000_spi.c **** // Only needed during card-init. During init
  49:../LPCUSB/lpc2000_spi.c **** // the automatic chip-select is disabled for SSP
  50:../LPCUSB/lpc2000_spi.c **** 
  51:../LPCUSB/lpc2000_spi.c **** static U8 my_SPISend(U8 outgoing)
  52:../LPCUSB/lpc2000_spi.c **** {
  53:../LPCUSB/lpc2000_spi.c ****     S0SPDR = outgoing;
  54:../LPCUSB/lpc2000_spi.c ****     while (!(S0SPSR & (1 << SPIF)));
  55:../LPCUSB/lpc2000_spi.c ****     return S0SPDR;
  56:../LPCUSB/lpc2000_spi.c **** }
  57:../LPCUSB/lpc2000_spi.c **** 
  58:../LPCUSB/lpc2000_spi.c **** /*****************************************************************************/
  59:../LPCUSB/lpc2000_spi.c **** 
  60:../LPCUSB/lpc2000_spi.c **** void SPISetSpeed(U8 speed)
  61:../LPCUSB/lpc2000_spi.c **** {
  22              		.loc 1 61 0
  23              		.cfi_startproc
  24              		@ Function supports interworking.
  25              		@ args = 0, pretend = 0, frame = 0
  26              		@ frame_needed = 0, uses_anonymous_args = 0
  27              		@ link register save eliminated.
  28              	.LVL0:
  62:../LPCUSB/lpc2000_spi.c ****     speed &= 0xFE;
  29              		.loc 1 62 0
  30 0000 FE0000E2 		and	r0, r0, #254
  31              	.LVL1:
  63:../LPCUSB/lpc2000_spi.c ****     if (speed < SPI_PRESCALE_MIN)
  64:../LPCUSB/lpc2000_spi.c ****     {
  65:../LPCUSB/lpc2000_spi.c ****         speed = SPI_PRESCALE_MIN;
  32              		.loc 1 65 0
  33 0004 070050E3 		cmp	r0, #7
  66:../LPCUSB/lpc2000_spi.c ****     }
  67:../LPCUSB/lpc2000_spi.c ****     SPI_PRESCALE_REG = speed;
  34              		.loc 1 67 0
  35 0008 08309FE5 		ldr	r3, .L4
  65:../LPCUSB/lpc2000_spi.c ****         speed = SPI_PRESCALE_MIN;
  36              		.loc 1 65 0
  37 000c 0800A093 		movls	r0, #8
  38              	.LVL2:
  39              		.loc 1 67 0
  40 0010 0C0083E5 		str	r0, [r3, #12]
  68:../LPCUSB/lpc2000_spi.c **** }
  41              		.loc 1 68 0
  42 0014 1EFF2FE1 		bx	lr
  43              	.L5:
  44              		.align	2
  45              	.L4:
  46 0018 000002E0 		.word	-536739840
  47              		.cfi_endproc
  48              	.LFE1:
  50              		.align	2
  51              		.global	SPIInit
  53              	SPIInit:
  54              	.LFB2:
  69:../LPCUSB/lpc2000_spi.c **** 
  70:../LPCUSB/lpc2000_spi.c **** 
  71:../LPCUSB/lpc2000_spi.c **** void SPIInit(void)
  72:../LPCUSB/lpc2000_spi.c **** {
  55              		.loc 1 72 0
  56              		.cfi_startproc
  57              		@ Function supports interworking.
  58              		@ args = 0, pretend = 0, frame = 0
  59              		@ frame_needed = 0, uses_anonymous_args = 0
  60 001c 10402DE9 		stmfd	sp!, {r4, lr}
  61              	.LCFI0:
  62              		.cfi_def_cfa_offset 8
  63              		.cfi_offset 14, -4
  64              		.cfi_offset 4, -8
  73:../LPCUSB/lpc2000_spi.c ****     U8 i;
  74:../LPCUSB/lpc2000_spi.c ****     //U32 j;
  75:../LPCUSB/lpc2000_spi.c **** 
  76:../LPCUSB/lpc2000_spi.c ****     rprintf("spiInit for SPI(0)\n");
  65              		.loc 1 76 0
  66 0020 A0009FE5 		ldr	r0, .L11
  67 0024 FEFFFFEB 		bl	rprintf
  77:../LPCUSB/lpc2000_spi.c **** 
  78:../LPCUSB/lpc2000_spi.c ****     // setup GPIO
  79:../LPCUSB/lpc2000_spi.c ****     PINSEL2 = 0;
  68              		.loc 1 79 0
  69 0028 9C209FE5 		ldr	r2, .L11+4
  70 002c 0030A0E3 		mov	r3, #0
  71 0030 143082E5 		str	r3, [r2, #20]
  80:../LPCUSB/lpc2000_spi.c **** 
  81:../LPCUSB/lpc2000_spi.c **** 	SPI_IODIR |= (1 << SPI_SCK_PIN) | (1 << SPI_MOSI_PIN);
  72              		.loc 1 81 0
  73 0034 94309FE5 		ldr	r3, .L11+8
  74 0038 081093E5 		ldr	r1, [r3, #8]
  75 003c 501081E3 		orr	r1, r1, #80
  76 0040 081083E5 		str	r1, [r3, #8]
  82:../LPCUSB/lpc2000_spi.c ****     SPI_SS_IODIR |= (1 << SPI_SS_PIN);
  77              		.loc 1 82 0
  78 0044 081093E5 		ldr	r1, [r3, #8]
  79 0048 801081E3 		orr	r1, r1, #128
  80 004c 081083E5 		str	r1, [r3, #8]
  83:../LPCUSB/lpc2000_spi.c ****     SPI_IODIR &= ~(1 << SPI_MISO_PIN);
  81              		.loc 1 83 0
  82 0050 081093E5 		ldr	r1, [r3, #8]
  83 0054 2010C1E3 		bic	r1, r1, #32
  84 0058 081083E5 		str	r1, [r3, #8]
  84:../LPCUSB/lpc2000_spi.c **** 
  85:../LPCUSB/lpc2000_spi.c ****     // reset Pin-Functions
  86:../LPCUSB/lpc2000_spi.c ****     SPI_PINSEL &= ~((3 << SPI_SCK_FUNCBIT) | (3 << SPI_MISO_FUNCBIT) | (3 << SPI_MOSI_FUNCBIT));
  85              		.loc 1 86 0
  86 005c 001092E5 		ldr	r1, [r2, #0]
  87 0060 3F1CC1E3 		bic	r1, r1, #16128
  88 0064 001082E5 		str	r1, [r2, #0]
  87:../LPCUSB/lpc2000_spi.c ****     SPI_PINSEL |= ((1 << SPI_SCK_FUNCBIT) | (1 << SPI_MISO_FUNCBIT) | (1 << SPI_MOSI_FUNCBIT));
  89              		.loc 1 87 0
  90 0068 001092E5 		ldr	r1, [r2, #0]
  91 006c 151C81E3 		orr	r1, r1, #5376
  92 0070 001082E5 		str	r1, [r2, #0]
  88:../LPCUSB/lpc2000_spi.c **** 
  89:../LPCUSB/lpc2000_spi.c ****     // set Chip-Select high - unselect card
  90:../LPCUSB/lpc2000_spi.c ****     UNSELECT_CARD();
  93              		.loc 1 90 0
  94 0074 042093E5 		ldr	r2, [r3, #4]
  91:../LPCUSB/lpc2000_spi.c **** 
  92:../LPCUSB/lpc2000_spi.c ****     // enable SPI-Master
  93:../LPCUSB/lpc2000_spi.c ****     S0SPCR = (1 << MSTR) | (0 << CPOL);   // TODO: check CPOL
  95              		.loc 1 93 0
  96 0078 54409FE5 		ldr	r4, .L11+12
  90:../LPCUSB/lpc2000_spi.c ****     UNSELECT_CARD();
  97              		.loc 1 90 0
  98 007c 802082E3 		orr	r2, r2, #128
  99 0080 042083E5 		str	r2, [r3, #4]
 100              		.loc 1 93 0
 101 0084 2030A0E3 		mov	r3, #32
 102 0088 003084E5 		str	r3, [r4, #0]
  94:../LPCUSB/lpc2000_spi.c **** 
  95:../LPCUSB/lpc2000_spi.c ****     // low speed during init
  96:../LPCUSB/lpc2000_spi.c ****     SPISetSpeed(254);
 103              		.loc 1 96 0
 104 008c FE00A0E3 		mov	r0, #254
 105 0090 FEFFFFEB 		bl	SPISetSpeed
 106              	.LVL3:
 107 0094 1520A0E3 		mov	r2, #21
 108              	.LBB4:
 109              	.LBB5:
  53:../LPCUSB/lpc2000_spi.c ****     S0SPDR = outgoing;
 110              		.loc 1 53 0
 111 0098 FF10A0E3 		mov	r1, #255
 112 009c 0430A0E1 		mov	r3, r4
 113              	.LVL4:
 114              	.L8:
 115 00a0 081084E5 		str	r1, [r4, #8]
 116              	.L7:
  54:../LPCUSB/lpc2000_spi.c ****     while (!(S0SPSR & (1 << SPIF)));
 117              		.loc 1 54 0
 118 00a4 040093E5 		ldr	r0, [r3, #4]
 119 00a8 800010E3 		tst	r0, #128
 120 00ac FCFFFF0A 		beq	.L7
  55:../LPCUSB/lpc2000_spi.c ****     return S0SPDR;
 121              		.loc 1 55 0
 122 00b0 012042E2 		sub	r2, r2, #1
 123              	.LBE5:
 124              	.LBE4:
  97:../LPCUSB/lpc2000_spi.c **** 
  98:../LPCUSB/lpc2000_spi.c ****     /* Send 20 spi commands with card not selected */
  99:../LPCUSB/lpc2000_spi.c ****     for (i = 0; i < 21; i++)
 125              		.loc 1 99 0
 126 00b4 FF2012E2 		ands	r2, r2, #255
 127              	.LBB7:
 128              	.LBB6:
  55:../LPCUSB/lpc2000_spi.c ****     return S0SPDR;
 129              		.loc 1 55 0
 130 00b8 080093E5 		ldr	r0, [r3, #8]
 131              	.LBE6:
 132              	.LBE7:
 133              		.loc 1 99 0
 134 00bc F7FFFF1A 		bne	.L8
 100:../LPCUSB/lpc2000_spi.c ****     {
 101:../LPCUSB/lpc2000_spi.c ****         my_SPISend(0xff);
 102:../LPCUSB/lpc2000_spi.c ****     }
 103:../LPCUSB/lpc2000_spi.c **** }
 135              		.loc 1 103 0
 136 00c0 1040BDE8 		ldmfd	sp!, {r4, lr}
 137 00c4 1EFF2FE1 		bx	lr
 138              	.L12:
 139              		.align	2
 140              	.L11:
 141 00c8 00000000 		.word	.LC0
 142 00cc 00C002E0 		.word	-536690688
 143 00d0 008002E0 		.word	-536707072
 144 00d4 000002E0 		.word	-536739840
 145              		.cfi_endproc
 146              	.LFE2:
 148              		.align	2
 149              		.global	SPISend
 151              	SPISend:
 152              	.LFB3:
 104:../LPCUSB/lpc2000_spi.c **** 
 105:../LPCUSB/lpc2000_spi.c **** /*****************************************************************************/
 106:../LPCUSB/lpc2000_spi.c **** 
 107:../LPCUSB/lpc2000_spi.c **** /*****************************************************************************/
 108:../LPCUSB/lpc2000_spi.c **** 
 109:../LPCUSB/lpc2000_spi.c **** U8 SPISend(U8 outgoing)
 110:../LPCUSB/lpc2000_spi.c **** {
 153              		.loc 1 110 0
 154              		.cfi_startproc
 155              		@ Function supports interworking.
 156              		@ args = 0, pretend = 0, frame = 0
 157              		@ frame_needed = 0, uses_anonymous_args = 0
 158              		@ link register save eliminated.
 159              	.LVL5:
 111:../LPCUSB/lpc2000_spi.c ****     U8 incoming;
 112:../LPCUSB/lpc2000_spi.c **** 
 113:../LPCUSB/lpc2000_spi.c ****     SELECT_CARD();
 160              		.loc 1 113 0
 161 00d8 38309FE5 		ldr	r3, .L16
 162 00dc 0C2093E5 		ldr	r2, [r3, #12]
 163 00e0 802082E3 		orr	r2, r2, #128
 164 00e4 0C2083E5 		str	r2, [r3, #12]
 114:../LPCUSB/lpc2000_spi.c ****     S0SPDR = outgoing;
 165              		.loc 1 114 0
 166 00e8 2C209FE5 		ldr	r2, .L16+4
 167 00ec 080082E5 		str	r0, [r2, #8]
 168              	.L14:
 115:../LPCUSB/lpc2000_spi.c ****     while (!(S0SPSR & (1 << SPIF)));
 169              		.loc 1 115 0 discriminator 1
 170 00f0 041092E5 		ldr	r1, [r2, #4]
 171 00f4 800011E3 		tst	r1, #128
 172 00f8 FCFFFF0A 		beq	.L14
 116:../LPCUSB/lpc2000_spi.c ****     incoming = S0SPDR;
 173              		.loc 1 116 0
 174 00fc 18209FE5 		ldr	r2, .L16+4
 175 0100 080092E5 		ldr	r0, [r2, #8]
 176              	.LVL6:
 117:../LPCUSB/lpc2000_spi.c ****     UNSELECT_CARD();
 177              		.loc 1 117 0
 178 0104 042093E5 		ldr	r2, [r3, #4]
 179 0108 802082E3 		orr	r2, r2, #128
 180 010c 042083E5 		str	r2, [r3, #4]
 118:../LPCUSB/lpc2000_spi.c **** 
 119:../LPCUSB/lpc2000_spi.c ****     return incoming;
 181              		.loc 1 119 0
 182 0110 FF0000E2 		and	r0, r0, #255
 183              	.LVL7:
 120:../LPCUSB/lpc2000_spi.c **** }
 184              		.loc 1 120 0
 185 0114 1EFF2FE1 		bx	lr
 186              	.L17:
 187              		.align	2
 188              	.L16:
 189 0118 008002E0 		.word	-536707072
 190 011c 000002E0 		.word	-536739840
 191              		.cfi_endproc
 192              	.LFE3:
 194              		.align	2
 195              		.global	SPISendN
 197              	SPISendN:
 198              	.LFB4:
 121:../LPCUSB/lpc2000_spi.c **** 
 122:../LPCUSB/lpc2000_spi.c **** void SPISendN(U8 * pbBuf, int iLen)
 123:../LPCUSB/lpc2000_spi.c **** {
 199              		.loc 1 123 0
 200              		.cfi_startproc
 201              		@ Function supports interworking.
 202              		@ args = 0, pretend = 0, frame = 0
 203              		@ frame_needed = 0, uses_anonymous_args = 0
 204              		@ link register save eliminated.
 205              	.LVL8:
 124:../LPCUSB/lpc2000_spi.c ****     int i;
 125:../LPCUSB/lpc2000_spi.c **** 
 126:../LPCUSB/lpc2000_spi.c ****     SELECT_CARD();
 206              		.loc 1 126 0
 207 0120 54309FE5 		ldr	r3, .L23
 208 0124 0C2093E5 		ldr	r2, [r3, #12]
 209 0128 802082E3 		orr	r2, r2, #128
 123:../LPCUSB/lpc2000_spi.c **** {
 210              		.loc 1 123 0
 211 012c 04402DE5 		str	r4, [sp, #-4]!
 212              	.LCFI1:
 213              		.cfi_def_cfa_offset 4
 214              		.cfi_offset 4, -4
 215              		.loc 1 126 0
 216 0130 0C2083E5 		str	r2, [r3, #12]
 217              	.LVL9:
 127:../LPCUSB/lpc2000_spi.c ****     for (i = 0; i < iLen; i++)
 128:../LPCUSB/lpc2000_spi.c ****     {
 129:../LPCUSB/lpc2000_spi.c ****         S0SPDR = pbBuf[i];
 218              		.loc 1 129 0
 219 0134 44209FE5 		ldr	r2, .L23+4
 127:../LPCUSB/lpc2000_spi.c ****     for (i = 0; i < iLen; i++)
 220              		.loc 1 127 0
 221 0138 0030A0E3 		mov	r3, #0
 222 013c 02C0A0E1 		mov	ip, r2
 223 0140 050000EA 		b	.L19
 224              	.LVL10:
 225              	.L21:
 226              		.loc 1 129 0
 227 0144 0340D0E7 		ldrb	r4, [r0, r3]	@ zero_extendqisi2
 228 0148 084082E5 		str	r4, [r2, #8]
 229              	.L20:
 130:../LPCUSB/lpc2000_spi.c ****         while (!(S0SPSR & (1 << SPIF)));
 230              		.loc 1 130 0 discriminator 1
 231 014c 04409CE5 		ldr	r4, [ip, #4]
 232 0150 800014E3 		tst	r4, #128
 233 0154 FCFFFF0A 		beq	.L20
 127:../LPCUSB/lpc2000_spi.c ****     for (i = 0; i < iLen; i++)
 234              		.loc 1 127 0
 235 0158 013083E2 		add	r3, r3, #1
 236              	.LVL11:
 237              	.L19:
 127:../LPCUSB/lpc2000_spi.c ****     for (i = 0; i < iLen; i++)
 238              		.loc 1 127 0 is_stmt 0 discriminator 1
 239 015c 010053E1 		cmp	r3, r1
 240 0160 F7FFFFBA 		blt	.L21
 131:../LPCUSB/lpc2000_spi.c ****     }
 132:../LPCUSB/lpc2000_spi.c ****     UNSELECT_CARD();
 241              		.loc 1 132 0 is_stmt 1
 242 0164 10309FE5 		ldr	r3, .L23
 243              	.LVL12:
 244 0168 042093E5 		ldr	r2, [r3, #4]
 245 016c 802082E3 		orr	r2, r2, #128
 246 0170 042083E5 		str	r2, [r3, #4]
 133:../LPCUSB/lpc2000_spi.c **** }
 247              		.loc 1 133 0
 248 0174 1000BDE8 		ldmfd	sp!, {r4}
 249 0178 1EFF2FE1 		bx	lr
 250              	.L24:
 251              		.align	2
 252              	.L23:
 253 017c 008002E0 		.word	-536707072
 254 0180 000002E0 		.word	-536739840
 255              		.cfi_endproc
 256              	.LFE4:
 258              		.align	2
 259              		.global	SPIRecvN
 261              	SPIRecvN:
 262              	.LFB5:
 134:../LPCUSB/lpc2000_spi.c **** 
 135:../LPCUSB/lpc2000_spi.c **** void SPIRecvN(U8 * pbBuf, int iLen)
 136:../LPCUSB/lpc2000_spi.c **** {
 263              		.loc 1 136 0
 264              		.cfi_startproc
 265              		@ Function supports interworking.
 266              		@ args = 0, pretend = 0, frame = 0
 267              		@ frame_needed = 0, uses_anonymous_args = 0
 268              		@ link register save eliminated.
 269              	.LVL13:
 137:../LPCUSB/lpc2000_spi.c ****     int i;
 138:../LPCUSB/lpc2000_spi.c **** 
 139:../LPCUSB/lpc2000_spi.c ****     SELECT_CARD();
 270              		.loc 1 139 0
 271 0184 5C309FE5 		ldr	r3, .L30
 272 0188 0C2093E5 		ldr	r2, [r3, #12]
 140:../LPCUSB/lpc2000_spi.c ****     for (i = 0; i < iLen; i++)
 141:../LPCUSB/lpc2000_spi.c ****     {
 142:../LPCUSB/lpc2000_spi.c ****         S0SPDR = 0xFF;
 273              		.loc 1 142 0
 274 018c 58C09FE5 		ldr	ip, .L30+4
 139:../LPCUSB/lpc2000_spi.c ****     SELECT_CARD();
 275              		.loc 1 139 0
 276 0190 802082E3 		orr	r2, r2, #128
 136:../LPCUSB/lpc2000_spi.c **** {
 277              		.loc 1 136 0
 278 0194 30002DE9 		stmfd	sp!, {r4, r5}
 279              	.LCFI2:
 280              		.cfi_def_cfa_offset 8
 281              		.cfi_offset 5, -4
 282              		.cfi_offset 4, -8
 139:../LPCUSB/lpc2000_spi.c ****     SELECT_CARD();
 283              		.loc 1 139 0
 284 0198 0C2083E5 		str	r2, [r3, #12]
 285              	.LVL14:
 286              		.loc 1 142 0
 287 019c FF40A0E3 		mov	r4, #255
 140:../LPCUSB/lpc2000_spi.c ****     for (i = 0; i < iLen; i++)
 288              		.loc 1 140 0
 289 01a0 0030A0E3 		mov	r3, #0
 290 01a4 0C20A0E1 		mov	r2, ip
 291 01a8 060000EA 		b	.L26
 292              	.LVL15:
 293              	.L28:
 294              		.loc 1 142 0
 295 01ac 08408CE5 		str	r4, [ip, #8]
 296              	.L27:
 143:../LPCUSB/lpc2000_spi.c ****         while (!(S0SPSR & (1 << SPIF)));
 297              		.loc 1 143 0 discriminator 1
 298 01b0 045092E5 		ldr	r5, [r2, #4]
 299 01b4 800015E3 		tst	r5, #128
 300 01b8 FCFFFF0A 		beq	.L27
 144:../LPCUSB/lpc2000_spi.c ****         pbBuf[i] = S0SPDR;
 301              		.loc 1 144 0
 302 01bc 085092E5 		ldr	r5, [r2, #8]
 303 01c0 0350C0E7 		strb	r5, [r0, r3]
 140:../LPCUSB/lpc2000_spi.c ****     for (i = 0; i < iLen; i++)
 304              		.loc 1 140 0
 305 01c4 013083E2 		add	r3, r3, #1
 306              	.LVL16:
 307              	.L26:
 140:../LPCUSB/lpc2000_spi.c ****     for (i = 0; i < iLen; i++)
 308              		.loc 1 140 0 is_stmt 0 discriminator 1
 309 01c8 010053E1 		cmp	r3, r1
 310 01cc F6FFFFBA 		blt	.L28
 145:../LPCUSB/lpc2000_spi.c ****     }
 146:../LPCUSB/lpc2000_spi.c ****     UNSELECT_CARD();
 311              		.loc 1 146 0 is_stmt 1
 312 01d0 10309FE5 		ldr	r3, .L30
 313              	.LVL17:
 314 01d4 042093E5 		ldr	r2, [r3, #4]
 315 01d8 802082E3 		orr	r2, r2, #128
 316 01dc 042083E5 		str	r2, [r3, #4]
 147:../LPCUSB/lpc2000_spi.c **** }
 317              		.loc 1 147 0
 318 01e0 3000BDE8 		ldmfd	sp!, {r4, r5}
 319 01e4 1EFF2FE1 		bx	lr
 320              	.L31:
 321              		.align	2
 322              	.L30:
 323 01e8 008002E0 		.word	-536707072
 324 01ec 000002E0 		.word	-536739840
 325              		.cfi_endproc
 326              	.LFE5:
 328              		.section	.rodata.str1.1,"aMS",%progbits,1
 329              	.LC0:
 330 0000 73706949 		.ascii	"spiInit for SPI(0)\012\000"
 330      6E697420 
 330      666F7220 
 330      53504928 
 330      30290A00 
 331              		.text
 332              	.Letext0:
 333              		.file 2 "../LPCUSB/type.h"
DEFINED SYMBOLS
                            *ABS*:00000000 lpc2000_spi.c
     /tmp/ccPPlyZf.s:16     .text:00000000 $a
     /tmp/ccPPlyZf.s:19     .text:00000000 SPISetSpeed
     /tmp/ccPPlyZf.s:46     .text:00000018 $d
     /tmp/ccPPlyZf.s:50     .text:0000001c $a
     /tmp/ccPPlyZf.s:53     .text:0000001c SPIInit
     /tmp/ccPPlyZf.s:141    .text:000000c8 $d
     /tmp/ccPPlyZf.s:148    .text:000000d8 $a
     /tmp/ccPPlyZf.s:151    .text:000000d8 SPISend
     /tmp/ccPPlyZf.s:189    .text:00000118 $d
     /tmp/ccPPlyZf.s:194    .text:00000120 $a
     /tmp/ccPPlyZf.s:197    .text:00000120 SPISendN
     /tmp/ccPPlyZf.s:253    .text:0000017c $d
     /tmp/ccPPlyZf.s:258    .text:00000184 $a
     /tmp/ccPPlyZf.s:261    .text:00000184 SPIRecvN
     /tmp/ccPPlyZf.s:323    .text:000001e8 $d
                     .debug_frame:00000010 $d

UNDEFINED SYMBOLS
rprintf
